Determining if the pthread_create exist failed with the following output:
Change Dir: /home/vika/learning/coursera/red_belt/final_case_first_part/build/CMakeFiles/CMakeTmp

Run Build Command:"/usr/bin/make" "cmTC_14aed/fast"
/usr/bin/make -f CMakeFiles/cmTC_14aed.dir/build.make CMakeFiles/cmTC_14aed.dir/build
make[1]: Entering directory '/home/vika/learning/coursera/red_belt/final_case_first_part/build/CMakeFiles/CMakeTmp'
Building C object CMakeFiles/cmTC_14aed.dir/CheckSymbolExists.c.o
/bin/clang-7    -o CMakeFiles/cmTC_14aed.dir/CheckSymbolExists.c.o   -c /home/vika/learning/coursera/red_belt/final_case_first_part/build/CMakeFiles/CMakeTmp/CheckSymbolExists.c
Linking C executable cmTC_14aed
/usr/bin/cmake -E cmake_link_script CMakeFiles/cmTC_14aed.dir/link.txt --verbose=1
/bin/clang-7      CMakeFiles/cmTC_14aed.dir/CheckSymbolExists.c.o  -o cmTC_14aed 
/bin/ld: CMakeFiles/cmTC_14aed.dir/CheckSymbolExists.c.o: in function `main':
CheckSymbolExists.c:(.text+0x19): undefined reference to `pthread_create'
clang: error: linker command failed with exit code 1 (use -v to see invocation)
make[1]: *** [CMakeFiles/cmTC_14aed.dir/build.make:87: cmTC_14aed] Error 1
make[1]: Leaving directory '/home/vika/learning/coursera/red_belt/final_case_first_part/build/CMakeFiles/CMakeTmp'
make: *** [Makefile:121: cmTC_14aed/fast] Error 2

File /home/vika/learning/coursera/red_belt/final_case_first_part/build/CMakeFiles/CMakeTmp/CheckSymbolExists.c:
/* */
#include <pthread.h>

int main(int argc, char** argv)
{
  (void)argv;
#ifndef pthread_create
  return ((int*)(&pthread_create))[argc];
#else
  (void)argc;
  return 0;
#endif
}

Determining if the function pthread_create exists in the pthreads failed with the following output:
Change Dir: /home/vika/learning/coursera/red_belt/final_case_first_part/build/CMakeFiles/CMakeTmp

Run Build Command:"/usr/bin/make" "cmTC_df248/fast"
/usr/bin/make -f CMakeFiles/cmTC_df248.dir/build.make CMakeFiles/cmTC_df248.dir/build
make[1]: Entering directory '/home/vika/learning/coursera/red_belt/final_case_first_part/build/CMakeFiles/CMakeTmp'
Building C object CMakeFiles/cmTC_df248.dir/CheckFunctionExists.c.o
/bin/clang-7   -DCHECK_FUNCTION_EXISTS=pthread_create   -o CMakeFiles/cmTC_df248.dir/CheckFunctionExists.c.o   -c /usr/share/cmake-3.13/Modules/CheckFunctionExists.c
Linking C executable cmTC_df248
/usr/bin/cmake -E cmake_link_script CMakeFiles/cmTC_df248.dir/link.txt --verbose=1
/bin/clang-7  -DCHECK_FUNCTION_EXISTS=pthread_create    CMakeFiles/cmTC_df248.dir/CheckFunctionExists.c.o  -o cmTC_df248 -lpthreads 
/bin/ld: cannot find -lpthreads
clang: error: linker command failed with exit code 1 (use -v to see invocation)
make[1]: *** [CMakeFiles/cmTC_df248.dir/build.make:87: cmTC_df248] Error 1
make[1]: Leaving directory '/home/vika/learning/coursera/red_belt/final_case_first_part/build/CMakeFiles/CMakeTmp'
make: *** [Makefile:121: cmTC_df248/fast] Error 2


