Determining if the pthread_create exist failed with the following output:
Change Dir: /home/vika/Learning/Coursera_C++_MFTI/Yellow_Belt/BuildingEquation/__build/CMakeFiles/CMakeTmp

Run Build Command:"/usr/bin/make" "cmTC_34ca6/fast"
/usr/bin/make -f CMakeFiles/cmTC_34ca6.dir/build.make CMakeFiles/cmTC_34ca6.dir/build
make[1]: Entering directory '/home/vika/Learning/Coursera_C++_MFTI/Yellow_Belt/BuildingEquation/__build/CMakeFiles/CMakeTmp'
Building C object CMakeFiles/cmTC_34ca6.dir/CheckSymbolExists.c.o
/usr/bin/cc    -o CMakeFiles/cmTC_34ca6.dir/CheckSymbolExists.c.o   -c /home/vika/Learning/Coursera_C++_MFTI/Yellow_Belt/BuildingEquation/__build/CMakeFiles/CMakeTmp/CheckSymbolExists.c
Linking C executable cmTC_34ca6
/usr/bin/cmake -E cmake_link_script CMakeFiles/cmTC_34ca6.dir/link.txt --verbose=1
/usr/bin/cc      CMakeFiles/cmTC_34ca6.dir/CheckSymbolExists.c.o  -o cmTC_34ca6 
/usr/bin/ld: CMakeFiles/cmTC_34ca6.dir/CheckSymbolExists.c.o: in function `main':
CheckSymbolExists.c:(.text+0x1b): undefined reference to `pthread_create'
collect2: error: ld returned 1 exit status
make[1]: *** [CMakeFiles/cmTC_34ca6.dir/build.make:87: cmTC_34ca6] Error 1
make[1]: Leaving directory '/home/vika/Learning/Coursera_C++_MFTI/Yellow_Belt/BuildingEquation/__build/CMakeFiles/CMakeTmp'
make: *** [Makefile:121: cmTC_34ca6/fast] Error 2

File /home/vika/Learning/Coursera_C++_MFTI/Yellow_Belt/BuildingEquation/__build/CMakeFiles/CMakeTmp/CheckSymbolExists.c:
/* */
#include <pthread.h>

int main(int argc, char** argv)
{
  (void)argv;
#ifndef pthread_create
  return ((int*)(&pthread_create))[argc];
#else
  (void)argc;
  return 0;
#endif
}

Determining if the function pthread_create exists in the pthreads failed with the following output:
Change Dir: /home/vika/Learning/Coursera_C++_MFTI/Yellow_Belt/BuildingEquation/__build/CMakeFiles/CMakeTmp

Run Build Command:"/usr/bin/make" "cmTC_be14d/fast"
/usr/bin/make -f CMakeFiles/cmTC_be14d.dir/build.make CMakeFiles/cmTC_be14d.dir/build
make[1]: Entering directory '/home/vika/Learning/Coursera_C++_MFTI/Yellow_Belt/BuildingEquation/__build/CMakeFiles/CMakeTmp'
Building C object CMakeFiles/cmTC_be14d.dir/CheckFunctionExists.c.o
/usr/bin/cc   -DCHECK_FUNCTION_EXISTS=pthread_create   -o CMakeFiles/cmTC_be14d.dir/CheckFunctionExists.c.o   -c /usr/share/cmake-3.13/Modules/CheckFunctionExists.c
Linking C executable cmTC_be14d
/usr/bin/cmake -E cmake_link_script CMakeFiles/cmTC_be14d.dir/link.txt --verbose=1
/usr/bin/cc  -DCHECK_FUNCTION_EXISTS=pthread_create    CMakeFiles/cmTC_be14d.dir/CheckFunctionExists.c.o  -o cmTC_be14d -lpthreads 
/usr/bin/ld: cannot find -lpthreads
collect2: error: ld returned 1 exit status
make[1]: *** [CMakeFiles/cmTC_be14d.dir/build.make:87: cmTC_be14d] Error 1
make[1]: Leaving directory '/home/vika/Learning/Coursera_C++_MFTI/Yellow_Belt/BuildingEquation/__build/CMakeFiles/CMakeTmp'
make: *** [Makefile:121: cmTC_be14d/fast] Error 2


