Determining if the pthread_create exist failed with the following output:
Change Dir: /home/vika/Learning/Coursera_C++_MFTI/Yellow_Belt/DateFinalProject/__build/CMakeFiles/CMakeTmp

Run Build Command:"/usr/bin/make" "cmTC_fa907/fast"
/usr/bin/make -f CMakeFiles/cmTC_fa907.dir/build.make CMakeFiles/cmTC_fa907.dir/build
make[1]: Entering directory '/home/vika/Learning/Coursera_C++_MFTI/Yellow_Belt/DateFinalProject/__build/CMakeFiles/CMakeTmp'
Building C object CMakeFiles/cmTC_fa907.dir/CheckSymbolExists.c.o
/usr/bin/cc    -o CMakeFiles/cmTC_fa907.dir/CheckSymbolExists.c.o   -c /home/vika/Learning/Coursera_C++_MFTI/Yellow_Belt/DateFinalProject/__build/CMakeFiles/CMakeTmp/CheckSymbolExists.c
Linking C executable cmTC_fa907
/usr/bin/cmake -E cmake_link_script CMakeFiles/cmTC_fa907.dir/link.txt --verbose=1
/usr/bin/cc      CMakeFiles/cmTC_fa907.dir/CheckSymbolExists.c.o  -o cmTC_fa907 
/usr/bin/ld: CMakeFiles/cmTC_fa907.dir/CheckSymbolExists.c.o: in function `main':
CheckSymbolExists.c:(.text+0x1b): undefined reference to `pthread_create'
collect2: error: ld returned 1 exit status
make[1]: *** [CMakeFiles/cmTC_fa907.dir/build.make:87: cmTC_fa907] Error 1
make[1]: Leaving directory '/home/vika/Learning/Coursera_C++_MFTI/Yellow_Belt/DateFinalProject/__build/CMakeFiles/CMakeTmp'
make: *** [Makefile:121: cmTC_fa907/fast] Error 2

File /home/vika/Learning/Coursera_C++_MFTI/Yellow_Belt/DateFinalProject/__build/CMakeFiles/CMakeTmp/CheckSymbolExists.c:
/* */
#include <pthread.h>

int main(int argc, char** argv)
{
  (void)argv;
#ifndef pthread_create
  return ((int*)(&pthread_create))[argc];
#else
  (void)argc;
  return 0;
#endif
}

Determining if the function pthread_create exists in the pthreads failed with the following output:
Change Dir: /home/vika/Learning/Coursera_C++_MFTI/Yellow_Belt/DateFinalProject/__build/CMakeFiles/CMakeTmp

Run Build Command:"/usr/bin/make" "cmTC_e014e/fast"
/usr/bin/make -f CMakeFiles/cmTC_e014e.dir/build.make CMakeFiles/cmTC_e014e.dir/build
make[1]: Entering directory '/home/vika/Learning/Coursera_C++_MFTI/Yellow_Belt/DateFinalProject/__build/CMakeFiles/CMakeTmp'
Building C object CMakeFiles/cmTC_e014e.dir/CheckFunctionExists.c.o
/usr/bin/cc   -DCHECK_FUNCTION_EXISTS=pthread_create   -o CMakeFiles/cmTC_e014e.dir/CheckFunctionExists.c.o   -c /usr/share/cmake-3.13/Modules/CheckFunctionExists.c
Linking C executable cmTC_e014e
/usr/bin/cmake -E cmake_link_script CMakeFiles/cmTC_e014e.dir/link.txt --verbose=1
/usr/bin/cc  -DCHECK_FUNCTION_EXISTS=pthread_create    CMakeFiles/cmTC_e014e.dir/CheckFunctionExists.c.o  -o cmTC_e014e -lpthreads 
/usr/bin/ld: cannot find -lpthreads
collect2: error: ld returned 1 exit status
make[1]: *** [CMakeFiles/cmTC_e014e.dir/build.make:87: cmTC_e014e] Error 1
make[1]: Leaving directory '/home/vika/Learning/Coursera_C++_MFTI/Yellow_Belt/DateFinalProject/__build/CMakeFiles/CMakeTmp'
make: *** [Makefile:121: cmTC_e014e/fast] Error 2


