Determining if the pthread_create exist failed with the following output:
Change Dir: /home/vika/Learning/Coursera_C++_MFTI/Red_Belt/log_makros/__build/CMakeFiles/CMakeTmp

Run Build Command:"/usr/bin/make" "cmTC_0e053/fast"
/usr/bin/make -f CMakeFiles/cmTC_0e053.dir/build.make CMakeFiles/cmTC_0e053.dir/build
make[1]: Entering directory '/home/vika/Learning/Coursera_C++_MFTI/Red_Belt/log_makros/__build/CMakeFiles/CMakeTmp'
Building C object CMakeFiles/cmTC_0e053.dir/CheckSymbolExists.c.o
/usr/bin/cc    -o CMakeFiles/cmTC_0e053.dir/CheckSymbolExists.c.o   -c /home/vika/Learning/Coursera_C++_MFTI/Red_Belt/log_makros/__build/CMakeFiles/CMakeTmp/CheckSymbolExists.c
Linking C executable cmTC_0e053
/usr/bin/cmake -E cmake_link_script CMakeFiles/cmTC_0e053.dir/link.txt --verbose=1
/usr/bin/cc      CMakeFiles/cmTC_0e053.dir/CheckSymbolExists.c.o  -o cmTC_0e053 
/usr/bin/ld: CMakeFiles/cmTC_0e053.dir/CheckSymbolExists.c.o: in function `main':
CheckSymbolExists.c:(.text+0x1b): undefined reference to `pthread_create'
collect2: error: ld returned 1 exit status
make[1]: *** [CMakeFiles/cmTC_0e053.dir/build.make:87: cmTC_0e053] Error 1
make[1]: Leaving directory '/home/vika/Learning/Coursera_C++_MFTI/Red_Belt/log_makros/__build/CMakeFiles/CMakeTmp'
make: *** [Makefile:121: cmTC_0e053/fast] Error 2

File /home/vika/Learning/Coursera_C++_MFTI/Red_Belt/log_makros/__build/CMakeFiles/CMakeTmp/CheckSymbolExists.c:
/* */
#include <pthread.h>

int main(int argc, char** argv)
{
  (void)argv;
#ifndef pthread_create
  return ((int*)(&pthread_create))[argc];
#else
  (void)argc;
  return 0;
#endif
}

Determining if the function pthread_create exists in the pthreads failed with the following output:
Change Dir: /home/vika/Learning/Coursera_C++_MFTI/Red_Belt/log_makros/__build/CMakeFiles/CMakeTmp

Run Build Command:"/usr/bin/make" "cmTC_3493f/fast"
/usr/bin/make -f CMakeFiles/cmTC_3493f.dir/build.make CMakeFiles/cmTC_3493f.dir/build
make[1]: Entering directory '/home/vika/Learning/Coursera_C++_MFTI/Red_Belt/log_makros/__build/CMakeFiles/CMakeTmp'
Building C object CMakeFiles/cmTC_3493f.dir/CheckFunctionExists.c.o
/usr/bin/cc   -DCHECK_FUNCTION_EXISTS=pthread_create   -o CMakeFiles/cmTC_3493f.dir/CheckFunctionExists.c.o   -c /usr/share/cmake-3.13/Modules/CheckFunctionExists.c
Linking C executable cmTC_3493f
/usr/bin/cmake -E cmake_link_script CMakeFiles/cmTC_3493f.dir/link.txt --verbose=1
/usr/bin/cc  -DCHECK_FUNCTION_EXISTS=pthread_create    CMakeFiles/cmTC_3493f.dir/CheckFunctionExists.c.o  -o cmTC_3493f -lpthreads 
/usr/bin/ld: cannot find -lpthreads
collect2: error: ld returned 1 exit status
make[1]: *** [CMakeFiles/cmTC_3493f.dir/build.make:87: cmTC_3493f] Error 1
make[1]: Leaving directory '/home/vika/Learning/Coursera_C++_MFTI/Red_Belt/log_makros/__build/CMakeFiles/CMakeTmp'
make: *** [Makefile:121: cmTC_3493f/fast] Error 2


